Determining if the pthread_create exist failed with the following output:
Change Dir: /home/turtlebot/andi_ws/build/CMakeFiles/CMakeTmp

Run Build Command:/usr/bin/make "cmTryCompileExec1833668643/fast"
/usr/bin/make -f CMakeFiles/cmTryCompileExec1833668643.dir/build.make CMakeFiles/cmTryCompileExec1833668643.dir/build
make[1]: Entering directory `/home/turtlebot/andi_ws/build/CMakeFiles/CMakeTmp'
/usr/bin/cmake -E cmake_progress_report /home/turtlebot/andi_ws/build/CMakeFiles/CMakeTmp/CMakeFiles 1
Building C object CMakeFiles/cmTryCompileExec1833668643.dir/CheckSymbolExists.c.o
/usr/bin/cc    -o CMakeFiles/cmTryCompileExec1833668643.dir/CheckSymbolExists.c.o   -c /home/turtlebot/andi_ws/build/CMakeFiles/CMakeTmp/CheckSymbolExists.c
Linking C executable cmTryCompileExec1833668643
/usr/bin/cmake -E cmake_link_script CMakeFiles/cmTryCompileExec1833668643.dir/link.txt --verbose=1
/usr/bin/cc       CMakeFiles/cmTryCompileExec1833668643.dir/CheckSymbolExists.c.o  -o cmTryCompileExec1833668643 -rdynamic 
CMakeFiles/cmTryCompileExec1833668643.dir/CheckSymbolExists.c.o: In function `main':
CheckSymbolExists.c:(.text+0x16): undefined reference to `pthread_create'
collect2: error: ld returned 1 exit status
make[1]: *** [cmTryCompileExec1833668643] Error 1
make[1]: Leaving directory `/home/turtlebot/andi_ws/build/CMakeFiles/CMakeTmp'
make: *** [cmTryCompileExec1833668643/fast] Error 2

File /home/turtlebot/andi_ws/build/CMakeFiles/CMakeTmp/CheckSymbolExists.c:
/* */
#include <pthread.h>

int main(int argc, char** argv)
{
  (void)argv;
#ifndef pthread_create
  return ((int*)(&pthread_create))[argc];
#else
  (void)argc;
  return 0;
#endif
}

Determining if the function pthread_create exists in the pthreads failed with the following output:
Change Dir: /home/turtlebot/andi_ws/build/CMakeFiles/CMakeTmp

Run Build Command:/usr/bin/make "cmTryCompileExec2380882375/fast"
/usr/bin/make -f CMakeFiles/cmTryCompileExec2380882375.dir/build.make CMakeFiles/cmTryCompileExec2380882375.dir/build
make[1]: Entering directory `/home/turtlebot/andi_ws/build/CMakeFiles/CMakeTmp'
/usr/bin/cmake -E cmake_progress_report /home/turtlebot/andi_ws/build/CMakeFiles/CMakeTmp/CMakeFiles 1
Building C object CMakeFiles/cmTryCompileExec2380882375.dir/CheckFunctionExists.c.o
/usr/bin/cc   -DCHECK_FUNCTION_EXISTS=pthread_create   -o CMakeFiles/cmTryCompileExec2380882375.dir/CheckFunctionExists.c.o   -c /usr/share/cmake-2.8/Modules/CheckFunctionExists.c
Linking C executable cmTryCompileExec2380882375
/usr/bin/cmake -E cmake_link_script CMakeFiles/cmTryCompileExec2380882375.dir/link.txt --verbose=1
/usr/bin/cc   -DCHECK_FUNCTION_EXISTS=pthread_create    CMakeFiles/cmTryCompileExec2380882375.dir/CheckFunctionExists.c.o  -o cmTryCompileExec2380882375 -rdynamic -lpthreads 
/usr/bin/ld: cannot find -lpthreads
collect2: error: ld returned 1 exit status
make[1]: *** [cmTryCompileExec2380882375] Error 1
make[1]: Leaving directory `/home/turtlebot/andi_ws/build/CMakeFiles/CMakeTmp'
make: *** [cmTryCompileExec2380882375/fast] Error 2


